<?xml version="1.0" encoding="UTF-8"?>
<coverage generated="1658761537533" clover="3.2.0">
  <project timestamp="1658761537533" name="All files">
    <metrics statements="6" coveredstatements="6" conditionals="2" coveredconditionals="1" methods="0" coveredmethods="0" elements="8" coveredelements="7" complexity="0" loc="6" ncloc="6" packages="1" files="1" classes="1"/>
    <file name="firebase.js" path="/Users/varsha/Documents/Orbital/milestone 3/Demo/screens/firebase.js">
      <metrics statements="6" coveredstatements="6" conditionals="2" coveredconditionals="1" methods="0" coveredmethods="0"/>
      <line num="14" count="4" type="stmt"/>
      <line num="26" count="4" type="cond" truecount="1" falsecount="1"/>
      <line num="27" count="4" type="stmt"/>
      <line num="33" count="4" type="stmt"/>
      <line num="34" count="4" type="stmt"/>
      <line num="35" count="4" type="stmt"/>
    </file>
  </project>
</coverage>
