{"/Users/varsha/Documents/Orbital/milestone 3/Demo/screens/firebase.js": {"path":"/Users/varsha/Documents/Orbital/milestone 3/Demo/screens/firebase.js","statementMap":{"0":{"start":{"line":14,"column":23},"end":{"line":21,"column":1}},"1":{"start":{"line":26,"column":0},"end":{"line":29,"column":1}},"2":{"start":{"line":27,"column":2},"end":{"line":27,"column":38}},"3":{"start":{"line":33,"column":20},"end":{"line":33,"column":32}},"4":{"start":{"line":34,"column":18},"end":{"line":34,"column":35}},"5":{"start":{"line":35,"column":23},"end":{"line":35,"column":38}}},"fnMap":{},"branchMap":{"0":{"loc":{"start":{"line":26,"column":0},"end":{"line":29,"column":1}},"type":"if","locations":[{"start":{"line":26,"column":0},"end":{"line":29,"column":1}},{"start":{},"end":{}}],"line":26}},"s":{"0":4,"1":4,"2":4,"3":4,"4":4,"5":4},"f":{},"b":{"0":[4,0]},"_coverageSchema":"1a1c01bbd47fc00a2c39e90264f33305004495a9","hash":"66f65a44cb1bd23878f10fb651b66a6827083f36"}
}
